str@strailsas.com 5.4.2018 14:31:45 ClasX_ArchConfig.bleerArchCargaPrtros: Cargando archivo configuracion: adirector.conf
str@strailsas.com 5.4.2018 14:31:45 ClasX_ArchConfig.bleerArchCargaPrtros: ERROR Archivo no existe: adirector.conf
str@strailsas.com 5.4.2018 14:32:17 ClasX_ArchConfig.bleerArchCargaPrtros: Cargando archivo configuracion: adirector.conf
str@strailsas.com 5.4.2018 14:32:17 ClasX_ArchConfig.bleerArchCargaPrtros: ERROR Archivo no existe: adirector.conf
str@strailsas.com 5.4.2018 14:33:3 ClasX_ArchConfig.bleerArchCargaPrtros: Cargando archivo configuracion: adirector.conf
str@strailsas.com 5.4.2018 14:33:3 ClasX_ArchConfig.bleerArchCargaPrtros: ERROR Archivo no existe: adirector.conf
str@strailsas.com 5.4.2018 14:33:29 ClasX_ArchConfig.bleerArchCargaPrtros: Cargando archivo configuracion: adirector.conf
str@strailsas.com 5.4.2018 14:33:29 -- ERROR PARAMETRO --
str@strailsas.com 5.4.2018 14:33:29 -- USUARIO O CLAVE INVALIDOS --
str@strailsas.com 5.4.2018 14:35:30 ClasX_ArchConfig.bleerArchCargaPrtros: Cargando archivo configuracion: adirector.conf
str@strailsas.com 5.4.2018 14:35:30 -- ERROR PARAMETRO --
str@strailsas.com 5.4.2018 14:35:30 -- USUARIO O CLAVE INVALIDOS --
str@strailsas.com 5.4.2018 14:37:21 ClasX_ArchConfig.bleerArchCargaPrtros: Cargando archivo configuracion: adirector.conf
str@strailsas.com 5.4.2018 14:37:21 -- ERROR PARAMETRO --
str@strailsas.com 5.4.2018 14:37:21 -- USUARIO O CLAVE INVALIDOS --
str@strailsas.com 5.4.2018 14:40:3 ClasX_ArchConfig.bleerArchCargaPrtros: Cargando archivo configuracion: adirector.conf
str@strailsas.com 5.4.2018 14:40:3 -- ERROR PARAMETRO --
str@strailsas.com 5.4.2018 14:40:3 -- USUARIO O CLAVE INVALIDOS --
str@strailsas.com 5.4.2018 14:40:38 ClasX_ArchConfig.bleerArchCargaPrtros: Cargando archivo configuracion: adirector.conf
str@strailsas.com 5.4.2018 14:40:38 ______________________________________________________________________________
str@strailsas.com 5.4.2018 14:40:38 ADirector.main(): INICIANDO aDIRECTOR en el Puerto: 4114
str@strailsas.com 5.4.2018 14:40:38 ______________________________________________________________________________
str@strailsas.com 5.4.2018 14:41:32 ClasX_ArchConfig.bleerArchCargaPrtros: Cargando archivo configuracion: adirector.conf
str@strailsas.com 5.4.2018 14:41:32 ______________________________________________________________________________
str@strailsas.com 5.4.2018 14:41:32 ADirector.main(): INICIANDO aDIRECTOR en el Puerto: 4114
str@strailsas.com 5.4.2018 14:41:32 ______________________________________________________________________________
str@strailsas.com 5.4.2018 14:42:25 ClasX_ArchConfig.bleerArchCargaPrtros: Cargando archivo configuracion: adirector.conf
str@strailsas.com 5.4.2018 14:42:25 -- ERROR PARAMETRO --
str@strailsas.com 5.4.2018 14:42:25 -- USUARIO O CLAVE INVALIDOS --
str@strailsas.com 5.4.2018 14:42:35 ClasX_ArchConfig.bleerArchCargaPrtros: Cargando archivo configuracion: adirector.conf
str@strailsas.com 5.4.2018 14:42:35 -- ERROR PARAMETRO1 --
str@strailsas.com 5.4.2018 14:42:35 -- USUARIO O CLAVE INVALIDOS1 --
str@strailsas.com 5.4.2018 14:42:43 ClasX_ArchConfig.bleerArchCargaPrtros: Cargando archivo configuracion: adirector.conf
str@strailsas.com 5.4.2018 14:42:43 -- ERROR PARAMETRO --
str@strailsas.com 5.4.2018 14:42:43 -- USUARIO O CLAVE INVALIDOS --
str@strailsas.com 5.4.2018 14:46:41 ClasX_ArchConfig.bleerArchCargaPrtros: Cargando archivo configuracion: adirector.conf
str@strailsas.com 5.4.2018 14:46:41 -- ERROR PARAMETRO --
str@strailsas.com 5.4.2018 14:46:41 -- USUARIO O CLAVE INVALIDOS --
str@strailsas.com 5.4.2018 14:51:9 ClasX_ArchConfig.bleerArchCargaPrtros: Cargando archivo configuracion: adirector.conf
