str@strailsas.com 5.4.2018 15:10:44 -- ERROR PARAMETRO --
str@strailsas.com 5.4.2018 15:12:56 -- USUARIO O CLAVE INVALIDOS --
str@strailsas.com 5.4.2018 15:17:14 ClasX_ArchConfig.bleerArchCargaPrtros: Cargando archivo configuracion: adirector.conf
str@strailsas.com 5.4.2018 15:17:14 -- ERROR PARAMETRO --
str@strailsas.com 5.4.2018 15:17:14 -- USUARIO O CLAVE INVALIDOS --
str@strailsas.com 5.4.2018 15:19:15 ClasX_ArchConfig.bleerArchCargaPrtros: Cargando archivo configuracion: adirector.conf
str@strailsas.com 5.4.2018 15:19:15 -- ERROR PARAMETRO --
str@strailsas.com 5.4.2018 15:19:15 -- USUARIO O CLAVE INVALIDOS --
str@strailsas.com 5.4.2018 15:21:44 ClasX_ArchConfig.bleerArchCargaPrtros: Cargando archivo configuracion: adirector.conf
str@strailsas.com 5.4.2018 15:21:44 Valor[Ljava.lang.String;@232204a1
str@strailsas.com 5.4.2018 15:21:44 -- ERROR PARAMETRO --
str@strailsas.com 5.4.2018 15:21:44 -- USUARIO O CLAVE INVALIDOS --
str@strailsas.com 5.4.2018 15:23:37 ClasX_ArchConfig.bleerArchCargaPrtros: Cargando archivo configuracion: adirector.conf
str@strailsas.com 5.4.2018 15:23:37 Valor[Ljava.lang.String;@232204a1
str@strailsas.com 5.4.2018 15:23:37 -- ERROR PARAMETRO --
str@strailsas.com 5.4.2018 15:23:37 -- USUARIO O CLAVE INVALIDOS --
str@strailsas.com 5.4.2018 15:31:39 ClasX_ArchConfig.bleerArchCargaPrtros: Cargando archivo configuracion: adirector.conf
str@strailsas.com 5.4.2018 15:31:39 ______________________________________________________________________________
str@strailsas.com 5.4.2018 15:31:39 ADirector.main(): INICIANDO aDIRECTOR en el Puerto: 4114
str@strailsas.com 5.4.2018 15:31:39 ______________________________________________________________________________
str@strailsas.com 5.4.2018 15:32:24 ClasX_ArchConfig.bleerArchCargaPrtros: Cargando archivo configuracion: adirector.conf
str@strailsas.com 5.4.2018 15:32:24 ______________________________________________________________________________
str@strailsas.com 5.4.2018 15:32:24 ADirector.main(): INICIANDO aDIRECTOR en el Puerto: 4114
str@strailsas.com 5.4.2018 15:32:24 ______________________________________________________________________________
str@strailsas.com 5.4.2018 15:33:33 ClasX_ArchConfig.bleerArchCargaPrtros: Cargando archivo configuracion: adirector.conf
str@strailsas.com 5.4.2018 15:33:33 ______________________________________________________________________________
str@strailsas.com 5.4.2018 15:33:33 ADirector.main(): INICIANDO aDIRECTOR en el Puerto: 4114
str@strailsas.com 5.4.2018 15:33:33 ______________________________________________________________________________
str@strailsas.com 5.4.2018 15:41:56 ClasX_ArchConfig.bleerArchCargaPrtros: Cargando archivo configuracion: adirector.conf
str@strailsas.com 5.4.2018 15:41:56 ______________________________________________________________________________
str@strailsas.com 5.4.2018 15:41:56 ADirector.main(): INICIANDO aDIRECTOR en el Puerto: 4114
str@strailsas.com 5.4.2018 15:41:56 ______________________________________________________________________________
str@strailsas.com 5.4.2018 15:43:24 ClasX_ArchConfig.bleerArchCargaPrtros: Cargando archivo configuracion: adirector.conf
str@strailsas.com 5.4.2018 15:43:24 -- ERROR PARAMETRO --
str@strailsas.com 5.4.2018 15:43:24 -- USUARIO O CLAVE INVALIDOS --
str@strailsas.com 5.4.2018 15:43:52 ClasX_ArchConfig.bleerArchCargaPrtros: Cargando archivo configuracion: adirector.conf
str@strailsas.com 5.4.2018 15:43:52 -- ERROR PARAMETRO --
str@strailsas.com 5.4.2018 15:43:52 -- USUARIO O CLAVE INVALIDOS --
str@strailsas.com 5.4.2018 15:45:46 ClasX_ArchConfig.bleerArchCargaPrtros: Cargando archivo configuracion: adirector.conf
str@strailsas.com 5.4.2018 15:45:46 -- ERROR PARAMETRO --
str@strailsas.com 5.4.2018 15:45:46 -- USUARIO O CLAVE INVALIDOS --
str@strailsas.com 5.4.2018 15:47:4 ClasX_ArchConfig.bleerArchCargaPrtros: Cargando archivo configuracion: adirector.conf
str@strailsas.com 5.4.2018 15:47:4 -- ERROR PARAMETRO --
str@strailsas.com 5.4.2018 15:47:4 -- USUARIO O CLAVE INVALIDOS --
str@strailsas.com 5.4.2018 15:48:57 ClasX_ArchConfig.bleerArchCargaPrtros: Cargando archivo configuracion: adirector.conf
str@strailsas.com 5.4.2018 15:48:57 -- ERROR PARAMETRO --
str@strailsas.com 5.4.2018 15:48:57 -- USUARIO O CLAVE INVALIDOS --
str@strailsas.com 5.4.2018 15:49:1 ClasX_ArchConfig.bleerArchCargaPrtros: Cargando archivo configuracion: adirector.conf
str@strailsas.com 5.4.2018 15:49:1 -- ERROR PARAMETRO --
str@strailsas.com 5.4.2018 15:49:1 -- USUARIO O CLAVE INVALIDOS --
str@strailsas.com 5.4.2018 15:58:23 ClasX_ArchConfig.bleerArchCargaPrtros: Cargando archivo configuracion: adirector.conf
str@strailsas.com 5.4.2018 15:58:23 -- ERROR PARAMETRO --
str@strailsas.com 5.4.2018 15:58:23 -- USUARIO O CLAVE INVALIDOS --
