str@strailsas.com 6.4.2018 9:35:30 ClasX_ArchConfig.bleerArchCargaPrtros: Cargando archivo configuracion: adirector.conf
str@strailsas.com 6.4.2018 9:35:30 ______________________________________________________________________________
str@strailsas.com 6.4.2018 9:35:30 ADirector.main(): INICIANDO aDIRECTOR en el Puerto: 4114
str@strailsas.com 6.4.2018 9:35:30 ______________________________________________________________________________
str@strailsas.com 6.4.2018 9:35:49 ClasX_ArchConfig.bleerArchCargaPrtros: Cargando archivo configuracion: adirector.conf
str@strailsas.com 6.4.2018 9:35:49 ______________________________________________________________________________
str@strailsas.com 6.4.2018 9:35:49 ADirector.main(): INICIANDO aDIRECTOR en el Puerto: 4114
str@strailsas.com 6.4.2018 9:35:49 ______________________________________________________________________________
str@strailsas.com 6.4.2018 9:37:23 ClasX_ArchConfig.bleerArchCargaPrtros: Cargando archivo configuracion: adirector.conf
str@strailsas.com 6.4.2018 9:37:23 -- ERROR PARAMETRO --
str@strailsas.com 6.4.2018 9:37:23 -- USUARIO O CLAVE INVALIDOS --
str@strailsas.com 6.4.2018 9:37:44 ClasX_ArchConfig.bleerArchCargaPrtros: Cargando archivo configuracion: adirector.conf
str@strailsas.com 6.4.2018 9:37:44 ______________________________________________________________________________
str@strailsas.com 6.4.2018 9:37:44 ADirector.main(): INICIANDO aDIRECTOR en el Puerto: 4114
str@strailsas.com 6.4.2018 9:37:44 ______________________________________________________________________________
str@strailsas.com 6.4.2018 9:44:53 ClasX_ArchConfig.bleerArchCargaPrtros: Cargando archivo configuracion: adirector.conf
str@strailsas.com 6.4.2018 9:44:53 ______________________________________________________________________________
str@strailsas.com 6.4.2018 9:44:53 ADirector.main(): INICIANDO aDIRECTOR en el Puerto: 4114
str@strailsas.com 6.4.2018 9:44:53 ______________________________________________________________________________
str@strailsas.com 6.4.2018 9:47:39 ClasX_ArchConfig.bleerArchCargaPrtros: Cargando archivo configuracion: adirector.conf
str@strailsas.com 6.4.2018 9:47:39 ______________________________________________________________________________
str@strailsas.com 6.4.2018 9:47:39 ADirector.main(): INICIANDO aDIRECTOR en el Puerto: 4114
str@strailsas.com 6.4.2018 9:47:39 ______________________________________________________________________________
str@strailsas.com 6.4.2018 9:49:54 ClasX_ArchConfig.bleerArchCargaPrtros: Cargando archivo configuracion: adirector.conf
